[    20.349] (--) Log file renamed from "/home/huiju/.local/share/xorg/Xorg.pid-1430.log" to "/home/huiju/.local/share/xorg/Xorg.0.log"
[    20.350] 
X.Org X Server 1.20.8
X Protocol Version 11, Revision 0
[    20.350] Build Operating System: Linux 4.15.0-140-generic x86_64 Ubuntu
[    20.350] Current Operating System: Linux huiju-virtual-machine 5.4.0-77-generic #86~18.04.1-Ubuntu SMP Fri Jun 18 01:23:22 UTC 2021 x86_64
[    20.350] Kernel command line: BOOT_IMAGE=/boot/vmlinuz-5.4.0-77-generic root=UUID=d9bf9b5e-4cd3-41fd-9e30-cf6b658cc9c0 ro quiet splash
[    20.350] Build Date: 08 April 2021  01:40:27PM
[    20.350] xorg-server-hwe-18.04 2:1.20.8-2ubuntu2.2~18.04.5 (For technical support please see http://www.ubuntu.com/support) 
[    20.350] Current version of pixman: 0.34.0
[    20.350] 	Before reporting problems, check http://wiki.x.org
	to make sure that you have the latest version.
[    20.350] Markers: (--) probed, (**) from config file, (==) default setting,
	(++) from command line, (!!) notice, (II) informational,
	(WW) warning, (EE) error, (NI) not implemented, (??) unknown.
[    20.350] (==) Log file: "/home/huiju/.local/share/xorg/Xorg.0.log", Time: Tue Jul 20 17:40:46 2021
[    20.351] (==) Using system config directory "/usr/share/X11/xorg.conf.d"
[    20.351] (==) No Layout section.  Using the first Screen section.
[    20.351] (==) No screen section available. Using defaults.
[    20.351] (**) |-->Screen "Default Screen Section" (0)
[    20.351] (**) |   |-->Monitor "<default monitor>"
[    20.351] (==) No monitor specified for screen "Default Screen Section".
	Using a default monitor configuration.
[    20.351] (==) Automatically adding devices
[    20.351] (==) Automatically enabling devices
[    20.351] (==) Automatically adding GPU devices
[    20.351] (==) Automatically binding GPU devices
[    20.352] (==) Max clients allowed: 256, resource mask: 0x1fffff
[    20.352] (WW) The directory "/usr/share/fonts/X11/cyrillic" does not exist.
[    20.352] 	Entry deleted from font path.
[    20.352] (WW) The directory "/usr/share/fonts/X11/100dpi/" does not exist.
[    20.352] 	Entry deleted from font path.
[    20.352] (WW) The directory "/usr/share/fonts/X11/75dpi/" does not exist.
[    20.352] 	Entry deleted from font path.
[    20.352] (WW) The directory "/usr/share/fonts/X11/100dpi" does not exist.
[    20.352] 	Entry deleted from font path.
[    20.352] (WW) The directory "/usr/share/fonts/X11/75dpi" does not exist.
[    20.352] 	Entry deleted from font path.
[    20.352] (==) FontPath set to:
	/usr/share/fonts/X11/misc,
	/usr/share/fonts/X11/Type1,
	built-ins
[    20.352] (==) ModulePath set to "/usr/lib/xorg/modules"
[    20.352] (II) The server relies on udev to provide the list of input devices.
	If no devices become available, reconfigure udev or disable AutoAddDevices.
[    20.352] (II) Loader magic: 0x55e4e81df020
[    20.352] (II) Module ABI versions:
[    20.352] 	X.Org ANSI C Emulation: 0.4
[    20.352] 	X.Org Video Driver: 24.1
[    20.352] 	X.Org XInput driver : 24.1
[    20.352] 	X.Org Server Extension : 10.0
[    20.353] (++) using VT number 2

[    20.357] (II) systemd-logind: took control of session /org/freedesktop/login1/session/_34
[    20.358] (II) xfree86: Adding drm device (/dev/dri/card0)
[    20.358] (II) systemd-logind: got fd for /dev/dri/card0 226:0 fd 12 paused 0
[    20.363] (--) PCI:*(0@0:15:0) 15ad:0405:15ad:0405 rev 0, Mem @ 0xe8000000/134217728, 0xfe000000/8388608, I/O @ 0x00001070/16, BIOS @ 0x????????/131072
[    20.363] (II) LoadModule: "glx"
[    20.364] (II) Loading /usr/lib/xorg/modules/extensions/libglx.so
[    20.366] (II) Module glx: vendor="X.Org Foundation"
[    20.366] 	compiled for 1.20.8, module version = 1.0.0
[    20.366] 	ABI class: X.Org Server Extension, version 10.0
[    20.366] (==) Matched vmware as autoconfigured driver 0
[    20.366] (==) Matched modesetting as autoconfigured driver 1
[    20.366] (==) Matched fbdev as autoconfigured driver 2
[    20.366] (==) Matched vesa as autoconfigured driver 3
[    20.366] (==) Assigned the driver to the xf86ConfigLayout
[    20.367] (II) LoadModule: "vmware"
[    20.367] (II) Loading /usr/lib/xorg/modules/drivers/vmware_drv.so
[    20.413] (II) Module vmware: vendor="X.Org Foundation"
[    20.413] 	compiled for 1.20.1, module version = 13.3.0
[    20.413] 	Module class: X.Org Video Driver
[    20.413] 	ABI class: X.Org Video Driver, version 24.0
[    20.413] (II) LoadModule: "modesetting"
[    20.413] (II) Loading /usr/lib/xorg/modules/drivers/modesetting_drv.so
[    20.413] (II) Module modesetting: vendor="X.Org Foundation"
[    20.413] 	compiled for 1.20.8, module version = 1.20.8
[    20.413] 	Module class: X.Org Video Driver
[    20.413] 	ABI class: X.Org Video Driver, version 24.1
[    20.413] (II) LoadModule: "fbdev"
[    20.414] (II) Loading /usr/lib/xorg/modules/drivers/fbdev_drv.so
[    20.414] (II) Module fbdev: vendor="X.Org Foundation"
[    20.414] 	compiled for 1.20.1, module version = 0.5.0
[    20.414] 	Module class: X.Org Video Driver
[    20.414] 	ABI class: X.Org Video Driver, version 24.0
[    20.414] (II) LoadModule: "vesa"
[    20.414] (II) Loading /usr/lib/xorg/modules/drivers/vesa_drv.so
[    20.414] (II) Module vesa: vendor="X.Org Foundation"
[    20.414] 	compiled for 1.20.1, module version = 2.4.0
[    20.414] 	Module class: X.Org Video Driver
[    20.414] 	ABI class: X.Org Video Driver, version 24.0
[    20.414] (II) vmware: driver for VMware SVGA: vmware0405, vmware0710
[    20.415] (II) modesetting: Driver for Modesetting Kernel Drivers: kms
[    20.415] (II) FBDEV: driver for framebuffer: fbdev
[    20.415] (II) VESA: driver for VESA chipsets: vesa
[    20.415] xf86EnableIOPorts: failed to set IOPL for I/O (Operation not permitted)
[    20.415] (WW) Falling back to old probe method for modesetting
[    20.415] (WW) Falling back to old probe method for fbdev
[    20.415] (II) Loading sub module "fbdevhw"
[    20.415] (II) LoadModule: "fbdevhw"
[    20.415] (II) Loading /usr/lib/xorg/modules/libfbdevhw.so
[    20.416] (II) Module fbdevhw: vendor="X.Org Foundation"
[    20.417] 	compiled for 1.20.8, module version = 0.0.2
[    20.417] 	ABI class: X.Org Video Driver, version 24.1
[    20.417] (EE) open /dev/fb0: Permission denied
[    20.417] (WW) VGA arbiter: cannot open kernel arbiter, no multi-card support
[    20.417] (II) vmware(0): Creating default Display subsection in Screen section
	"Default Screen Section" for depth/fbbpp 24/32
[    20.417] (--) vmware(0): DRM driver version is 2.15.0
[    20.417] (==) vmware(0): Depth 24, (--) framebuffer bpp 32
[    20.417] (==) vmware(0): RGB weight 888
[    20.417] (==) vmware(0): Default visual is TrueColor
[    20.417] (--) vmware(0): Min width 1, Max Width 16384.
[    20.417] (--) vmware(0): Min height 1, Max Height 16384.
[    20.418] (II) vmware(0): Output Virtual1 has no monitor section
[    20.418] (II) vmware(0): Output Virtual2 has no monitor section
[    20.418] (II) vmware(0): Output Virtual3 has no monitor section
[    20.418] (II) vmware(0): Output Virtual4 has no monitor section
[    20.418] (II) vmware(0): Output Virtual5 has no monitor section
[    20.418] (II) vmware(0): Output Virtual6 has no monitor section
[    20.419] (II) vmware(0): Output Virtual7 has no monitor section
[    20.419] (II) vmware(0): Output Virtual8 has no monitor section
[    20.419] (II) vmware(0): Printing probed modes for output Virtual1
[    20.419] (II) vmware(0): Modeline "800x600"x60.0   42.75  800 850 900 950  600 650 700 750 -hsync +vsync (45.0 kHz eP)
[    20.419] (II) vmware(0): Modeline "2560x1600"x60.0  348.50  2560 2752 3032 3504  1600 1603 1609 1658 -hsync +vsync (99.5 kHz e)
[    20.419] (II) vmware(0): Modeline "1920x1440"x60.0  234.00  1920 2048 2256 2600  1440 1441 1444 1500 -hsync +vsync (90.0 kHz e)
[    20.419] (II) vmware(0): Modeline "1856x1392"x60.0  218.25  1856 1952 2176 2528  1392 1393 1396 1439 -hsync +vsync (86.3 kHz e)
[    20.419] (II) vmware(0): Modeline "1792x1344"x60.0  204.75  1792 1920 2120 2448  1344 1345 1348 1394 -hsync +vsync (83.6 kHz e)
[    20.419] (II) vmware(0): Modeline "1920x1200"x59.9  193.25  1920 2056 2256 2592  1200 1203 1209 1245 -hsync +vsync (74.6 kHz e)
[    20.419] (II) vmware(0): Modeline "1600x1200"x60.0  162.00  1600 1664 1856 2160  1200 1201 1204 1250 +hsync +vsync (75.0 kHz e)
[    20.419] (II) vmware(0): Modeline "1680x1050"x60.0  146.25  1680 1784 1960 2240  1050 1053 1059 1089 -hsync +vsync (65.3 kHz e)
[    20.419] (II) vmware(0): Modeline "1400x1050"x60.0  121.75  1400 1488 1632 1864  1050 1053 1057 1089 -hsync +vsync (65.3 kHz e)
[    20.419] (II) vmware(0): Modeline "1280x1024"x60.0  108.00  1280 1328 1440 1688  1024 1025 1028 1066 +hsync +vsync (64.0 kHz e)
[    20.419] (II) vmware(0): Modeline "1440x900"x59.9  106.50  1440 1520 1672 1904  900 903 909 934 -hsync +vsync (55.9 kHz e)
[    20.419] (II) vmware(0): Modeline "1280x960"x60.0  108.00  1280 1376 1488 1800  960 961 964 1000 +hsync +vsync (60.0 kHz e)
[    20.419] (II) vmware(0): Modeline "1360x768"x60.0   85.50  1360 1424 1536 1792  768 771 777 795 +hsync +vsync (47.7 kHz e)
[    20.419] (II) vmware(0): Modeline "1280x800"x59.8   83.50  1280 1352 1480 1680  800 803 809 831 +hsync -vsync (49.7 kHz e)
[    20.419] (II) vmware(0): Modeline "1152x864"x75.0  108.00  1152 1216 1344 1600  864 865 868 900 +hsync +vsync (67.5 kHz e)
[    20.419] (II) vmware(0): Modeline "1280x768"x59.9   79.50  1280 1344 1472 1664  768 771 778 798 -hsync +vsync (47.8 kHz e)
[    20.419] (II) vmware(0): Modeline "1024x768"x60.0   65.00  1024 1048 1184 1344  768 771 777 806 -hsync -vsync (48.4 kHz e)
[    20.419] (II) vmware(0): Modeline "800x600"x60.3   40.00  800 840 968 1056  600 601 605 628 +hsync +vsync (37.9 kHz e)
[    20.419] (II) vmware(0): Modeline "640x480"x59.9   25.18  640 656 752 800  480 489 492 525 -hsync -vsync (31.5 kHz e)
[    20.425] (II) vmware(0): EDID for output Virtual2
[    20.425] (II) vmware(0): EDID for output Virtual3
[    20.425] (II) vmware(0): EDID for output Virtual4
[    20.425] (II) vmware(0): EDID for output Virtual5
[    20.425] (II) vmware(0): EDID for output Virtual6
[    20.425] (II) vmware(0): EDID for output Virtual7
[    20.425] (II) vmware(0): EDID for output Virtual8
[    20.425] (II) vmware(0): Output Virtual1 connected
[    20.425] (II) vmware(0): Output Virtual2 disconnected
[    20.425] (II) vmware(0): Output Virtual3 disconnected
[    20.425] (II) vmware(0): Output Virtual4 disconnected
[    20.425] (II) vmware(0): Output Virtual5 disconnected
[    20.425] (II) vmware(0): Output Virtual6 disconnected
[    20.425] (II) vmware(0): Output Virtual7 disconnected
[    20.425] (II) vmware(0): Output Virtual8 disconnected
[    20.425] (II) vmware(0): Using exact sizes for initial modes
[    20.425] (II) vmware(0): Output Virtual1 using initial mode 800x600 +0+0
[    20.425] (==) vmware(0): DPI set to (96, 96)
[    20.425] (==) vmware(0): Using gamma correction (1.0, 1.0, 1.0)
[    20.425] (II) Loading sub module "fb"
[    20.425] (II) LoadModule: "fb"
[    20.426] (II) Loading /usr/lib/xorg/modules/libfb.so
[    20.430] (II) Module fb: vendor="X.Org Foundation"
[    20.430] 	compiled for 1.20.8, module version = 1.0.0
[    20.430] 	ABI class: X.Org ANSI C Emulation, version 0.4
[    20.430] (II) Loading sub module "dri2"
[    20.430] (II) LoadModule: "dri2"
[    20.430] (II) Module "dri2" already built-in
[    20.430] (II) Loading sub module "dri3"
[    20.430] (II) LoadModule: "dri3"
[    20.430] (II) Module "dri3" already built-in
[    20.430] (II) UnloadModule: "modesetting"
[    20.430] (II) Unloading modesetting
[    20.430] (II) UnloadModule: "fbdev"
[    20.430] (II) Unloading fbdev
[    20.430] (II) UnloadSubModule: "fbdevhw"
[    20.430] (II) Unloading fbdevhw
[    20.430] (II) UnloadModule: "vesa"
[    20.430] (II) Unloading vesa
[    20.433] (II) vmware(0): Initialized VMWARE_CTRL extension version 0.2
[    20.465] (II) vmware(0): Gallium3D XA version: 2.5.0.
[    20.465] (II) vmware(0): Path of drm device is "/dev/dri/card0".
[    20.465] (II) vmware(0): [DRI2] Setup complete
[    20.465] (II) vmware(0): [DRI2]   DRI driver: vmwgfx
[    20.856] (--) vmware(0): Render acceleration is enabled.
[    20.856] (==) vmware(0): Rendercheck mode is disabled.
[    20.856] (--) vmware(0): Direct rendering (DRI2 3D) is enabled.
[    20.856] (--) vmware(0): Direct rendering (DRI3 3D) is enabled.
[    20.856] (==) vmware(0): Direct presents are disabled.
[    20.856] (==) vmware(0): Hardware only presents are automatic per scanout.
[    20.856] (==) vmware(0): Backing store enabled
[    20.856] (==) vmware(0): Silken mouse enabled
[    20.859] (==) vmware(0): DPMS enabled
[    20.859] (II) Initializing extension Generic Event Extension
[    20.860] (II) Initializing extension SHAPE
[    20.860] (II) Initializing extension MIT-SHM
[    20.860] (II) Initializing extension XInputExtension
[    20.861] (II) Initializing extension XTEST
[    20.862] (II) Initializing extension BIG-REQUESTS
[    20.862] (II) Initializing extension SYNC
[    20.862] (II) Initializing extension XKEYBOARD
[    20.862] (II) Initializing extension XC-MISC
[    20.862] (II) Initializing extension SECURITY
[    20.862] (II) Initializing extension XFIXES
[    20.862] (II) Initializing extension RENDER
[    20.863] (II) Initializing extension RANDR
[    20.863] (II) Initializing extension COMPOSITE
[    20.863] (II) Initializing extension DAMAGE
[    20.863] (II) Initializing extension MIT-SCREEN-SAVER
[    20.863] (II) Initializing extension DOUBLE-BUFFER
[    20.863] (II) Initializing extension RECORD
[    20.864] (II) Initializing extension DPMS
[    20.864] (II) Initializing extension Present
[    20.864] (II) Initializing extension DRI3
[    20.864] (II) Initializing extension X-Resource
[    20.864] (II) Initializing extension XVideo
[    20.864] (II) Initializing extension XVideo-MotionCompensation
[    20.864] (II) Initializing extension SELinux
[    20.864] (II) SELinux: Disabled on system
[    20.864] (II) Initializing extension GLX
[    20.886] (II) AIGLX: Loaded and initialized vmwgfx
[    20.886] (II) GLX: Initialized DRI2 GL provider for screen 0
[    20.886] (II) Initializing extension XFree86-VidModeExtension
[    20.886] (II) Initializing extension XFree86-DGA
[    20.886] (II) Initializing extension XFree86-DRI
[    20.886] (II) Initializing extension DRI2
[    20.897] (II) vmware(0): Setting screen physical size to 211 x 158
[    20.956] (II) config/udev: Adding input device Power Button (/dev/input/event0)
[    20.956] (**) Power Button: Applying InputClass "libinput keyboard catchall"
[    20.956] (II) LoadModule: "libinput"
[    20.957] (II) Loading /usr/lib/xorg/modules/input/libinput_drv.so
[    20.960] (II) Module libinput: vendor="X.Org Foundation"
[    20.960] 	compiled for 1.20.1, module version = 0.28.1
[    20.960] 	Module class: X.Org XInput Driver
[    20.960] 	ABI class: X.Org XInput driver, version 24.1
[    20.960] (II) Using input driver 'libinput' for 'Power Button'
[    20.962] (II) systemd-logind: got fd for /dev/input/event0 13:64 fd 24 paused 0
[    20.962] (**) Power Button: always reports core events
[    20.962] (**) Option "Device" "/dev/input/event0"
[    20.962] (**) Option "_source" "server/udev"
[    20.964] (II) event0  - Power Button: is tagged by udev as: Keyboard
[    20.964] (II) event0  - Power Button: device is a keyboard
[    20.964] (II) event0  - Power Button: device removed
[    20.964] (**) Option "config_info" "udev:/sys/devices/LNXSYSTM:00/LNXPWRBN:00/input/input0/event0"
[    20.964] (II) XINPUT: Adding extended input device "Power Button" (type: KEYBOARD, id 6)
[    20.964] (**) Option "xkb_model" "pc105"
[    20.964] (**) Option "xkb_layout" "us"
[    20.964] (II) event0  - Power Button: is tagged by udev as: Keyboard
[    20.964] (II) event0  - Power Button: device is a keyboard
[    20.965] (II) config/udev: Adding input device AT Translated Set 2 keyboard (/dev/input/event1)
[    20.965] (**) AT Translated Set 2 keyboard: Applying InputClass "libinput keyboard catchall"
[    20.965] (II) Using input driver 'libinput' for 'AT Translated Set 2 keyboard'
[    20.966] (II) systemd-logind: got fd for /dev/input/event1 13:65 fd 27 paused 0
[    20.966] (**) AT Translated Set 2 keyboard: always reports core events
[    20.966] (**) Option "Device" "/dev/input/event1"
[    20.966] (**) Option "_source" "server/udev"
[    20.970] (II) event1  - AT Translated Set 2 keyboard: is tagged by udev as: Keyboard
[    20.970] (II) event1  - AT Translated Set 2 keyboard: device is a keyboard
[    20.970] (II) event1  - AT Translated Set 2 keyboard: device removed
[    20.970] (**) Option "config_info" "udev:/sys/devices/platform/i8042/serio0/input/input1/event1"
[    20.970] (II) XINPUT: Adding extended input device "AT Translated Set 2 keyboard" (type: KEYBOARD, id 7)
[    20.970] (**) Option "xkb_model" "pc105"
[    20.970] (**) Option "xkb_layout" "us"
[    20.971] (II) event1  - AT Translated Set 2 keyboard: is tagged by udev as: Keyboard
[    20.971] (II) event1  - AT Translated Set 2 keyboard: device is a keyboard
[    20.971] (II) config/udev: Adding input device VirtualPS/2 VMware VMMouse (/dev/input/event3)
[    20.971] (**) VirtualPS/2 VMware VMMouse: Applying InputClass "libinput pointer catchall"
[    20.971] (II) Using input driver 'libinput' for 'VirtualPS/2 VMware VMMouse'
[    20.972] (II) systemd-logind: got fd for /dev/input/event3 13:67 fd 28 paused 0
[    20.972] (**) VirtualPS/2 VMware VMMouse: always reports core events
[    20.972] (**) Option "Device" "/dev/input/event3"
[    20.972] (**) Option "_source" "server/udev"
[    20.973] (II) event3  - VirtualPS/2 VMware VMMouse: is tagged by udev as: Mouse
[    20.973] (II) event3  - VirtualPS/2 VMware VMMouse: device is a pointer
[    20.973] (II) event3  - VirtualPS/2 VMware VMMouse: device removed
[    20.974] (**) Option "config_info" "udev:/sys/devices/platform/i8042/serio1/input/input3/event3"
[    20.974] (II) XINPUT: Adding extended input device "VirtualPS/2 VMware VMMouse" (type: MOUSE, id 8)
[    20.974] (**) Option "AccelerationScheme" "none"
[    20.974] (**) VirtualPS/2 VMware VMMouse: (accel) selected scheme none/0
[    20.974] (**) VirtualPS/2 VMware VMMouse: (accel) acceleration factor: 2.000
[    20.974] (**) VirtualPS/2 VMware VMMouse: (accel) acceleration threshold: 4
[    20.975] (II) event3  - VirtualPS/2 VMware VMMouse: is tagged by udev as: Mouse
[    20.975] (II) event3  - VirtualPS/2 VMware VMMouse: device is a pointer
[    20.976] (II) config/udev: Adding input device VirtualPS/2 VMware VMMouse (/dev/input/mouse1)
[    20.976] (II) No input driver specified, ignoring this device.
[    20.976] (II) This device may have been added with another device file.
[    20.977] (II) config/udev: Adding input device VirtualPS/2 VMware VMMouse (/dev/input/event2)
[    20.977] (**) VirtualPS/2 VMware VMMouse: Applying InputClass "libinput pointer catchall"
[    20.977] (II) Using input driver 'libinput' for 'VirtualPS/2 VMware VMMouse'
[    20.978] (II) systemd-logind: got fd for /dev/input/event2 13:66 fd 29 paused 0
[    20.978] (**) VirtualPS/2 VMware VMMouse: always reports core events
[    20.978] (**) Option "Device" "/dev/input/event2"
[    20.978] (**) Option "_source" "server/udev"
[    20.979] (II) event2  - VirtualPS/2 VMware VMMouse: is tagged by udev as: Mouse
[    20.979] (II) event2  - VirtualPS/2 VMware VMMouse: device is a pointer
[    20.979] (II) event2  - VirtualPS/2 VMware VMMouse: device removed
[    20.979] (**) Option "config_info" "udev:/sys/devices/platform/i8042/serio1/input/input4/event2"
[    20.979] (II) XINPUT: Adding extended input device "VirtualPS/2 VMware VMMouse" (type: MOUSE, id 9)
[    20.980] (**) Option "AccelerationScheme" "none"
[    20.980] (**) VirtualPS/2 VMware VMMouse: (accel) selected scheme none/0
[    20.980] (**) VirtualPS/2 VMware VMMouse: (accel) acceleration factor: 2.000
[    20.980] (**) VirtualPS/2 VMware VMMouse: (accel) acceleration threshold: 4
[    20.980] (II) event2  - VirtualPS/2 VMware VMMouse: is tagged by udev as: Mouse
[    20.980] (II) event2  - VirtualPS/2 VMware VMMouse: device is a pointer
[    20.981] (II) config/udev: Adding input device VirtualPS/2 VMware VMMouse (/dev/input/mouse0)
[    20.981] (II) No input driver specified, ignoring this device.
[    20.981] (II) This device may have been added with another device file.
[ 16073.739] (**) Option "fd" "24"
[ 16073.740] (II) event0  - Power Button: device removed
[ 16073.742] (**) Option "fd" "27"
[ 16073.742] (II) event1  - AT Translated Set 2 keyboard: device removed
[ 16073.742] (**) Option "fd" "28"
[ 16073.742] (II) event3  - VirtualPS/2 VMware VMMouse: device removed
[ 16073.743] (**) Option "fd" "29"
[ 16073.743] (II) event2  - VirtualPS/2 VMware VMMouse: device removed
[ 16073.750] (II) UnloadModule: "libinput"
[ 16073.750] (II) systemd-logind: releasing fd for 13:66
[ 16073.828] (II) UnloadModule: "libinput"
[ 16073.828] (II) systemd-logind: releasing fd for 13:67
[ 16073.830] (II) UnloadModule: "libinput"
[ 16073.830] (II) systemd-logind: releasing fd for 13:65
[ 16073.831] (II) UnloadModule: "libinput"
[ 16073.831] (II) systemd-logind: releasing fd for 13:64
[ 16073.876] (WW) xf86CloseConsole: KDSETMODE failed: Input/output error
[ 16073.876] (WW) xf86CloseConsole: VT_GETMODE failed: Input/output error
[ 16073.876] (WW) xf86CloseConsole: VT_ACTIVATE failed: Input/output error
[ 16073.884] (II) Server terminated successfully (0). Closing log file.
