[    39.610] _XSERVTransSocketUNIXCreateListener: ...SocketCreateListener() failed
[    39.610] _XSERVTransMakeAllCOTSServerListeners: server already running
[    39.610] (--) Log file renamed from "/home/huiju/.local/share/xorg/Xorg.pid-1447.log" to "/home/huiju/.local/share/xorg/Xorg.1.log"
[    39.611] 
X.Org X Server 1.20.8
X Protocol Version 11, Revision 0
[    39.611] Build Operating System: Linux 4.15.0-140-generic x86_64 Ubuntu
[    39.611] Current Operating System: Linux huiju-virtual-machine 5.4.0-77-generic #86~18.04.1-Ubuntu SMP Fri Jun 18 01:23:22 UTC 2021 x86_64
[    39.611] Kernel command line: BOOT_IMAGE=/boot/vmlinuz-5.4.0-77-generic root=UUID=d9bf9b5e-4cd3-41fd-9e30-cf6b658cc9c0 ro quiet splash
[    39.611] Build Date: 08 April 2021  01:40:27PM
[    39.611] xorg-server-hwe-18.04 2:1.20.8-2ubuntu2.2~18.04.5 (For technical support please see http://www.ubuntu.com/support) 
[    39.611] Current version of pixman: 0.34.0
[    39.611] 	Before reporting problems, check http://wiki.x.org
	to make sure that you have the latest version.
[    39.611] Markers: (--) probed, (**) from config file, (==) default setting,
	(++) from command line, (!!) notice, (II) informational,
	(WW) warning, (EE) error, (NI) not implemented, (??) unknown.
[    39.611] (==) Log file: "/home/huiju/.local/share/xorg/Xorg.1.log", Time: Tue Jul 20 22:57:50 2021
[    39.611] (==) Using system config directory "/usr/share/X11/xorg.conf.d"
[    39.612] (==) No Layout section.  Using the first Screen section.
[    39.612] (==) No screen section available. Using defaults.
[    39.612] (**) |-->Screen "Default Screen Section" (0)
[    39.612] (**) |   |-->Monitor "<default monitor>"
[    39.612] (==) No monitor specified for screen "Default Screen Section".
	Using a default monitor configuration.
[    39.612] (==) Automatically adding devices
[    39.612] (==) Automatically enabling devices
[    39.612] (==) Automatically adding GPU devices
[    39.612] (==) Automatically binding GPU devices
[    39.612] (==) Max clients allowed: 256, resource mask: 0x1fffff
[    39.612] (WW) The directory "/usr/share/fonts/X11/cyrillic" does not exist.
[    39.612] 	Entry deleted from font path.
[    39.612] (WW) The directory "/usr/share/fonts/X11/100dpi/" does not exist.
[    39.612] 	Entry deleted from font path.
[    39.612] (WW) The directory "/usr/share/fonts/X11/75dpi/" does not exist.
[    39.612] 	Entry deleted from font path.
[    39.612] (WW) The directory "/usr/share/fonts/X11/100dpi" does not exist.
[    39.612] 	Entry deleted from font path.
[    39.612] (WW) The directory "/usr/share/fonts/X11/75dpi" does not exist.
[    39.612] 	Entry deleted from font path.
[    39.612] (==) FontPath set to:
	/usr/share/fonts/X11/misc,
	/usr/share/fonts/X11/Type1,
	built-ins
[    39.612] (==) ModulePath set to "/usr/lib/xorg/modules"
[    39.612] (II) The server relies on udev to provide the list of input devices.
	If no devices become available, reconfigure udev or disable AutoAddDevices.
[    39.612] (II) Loader magic: 0x562555bb6020
[    39.612] (II) Module ABI versions:
[    39.612] 	X.Org ANSI C Emulation: 0.4
[    39.612] 	X.Org Video Driver: 24.1
[    39.612] 	X.Org XInput driver : 24.1
[    39.612] 	X.Org Server Extension : 10.0
[    39.613] (++) using VT number 2

[    39.617] (II) systemd-logind: took control of session /org/freedesktop/login1/session/_34
[    39.618] (II) xfree86: Adding drm device (/dev/dri/card0)
[    39.618] (II) systemd-logind: got fd for /dev/dri/card0 226:0 fd 13 paused 0
[    39.624] (--) PCI:*(0@0:15:0) 15ad:0405:15ad:0405 rev 0, Mem @ 0xe8000000/134217728, 0xfe000000/8388608, I/O @ 0x00001070/16, BIOS @ 0x????????/131072
[    39.624] (II) LoadModule: "glx"
[    39.624] (II) Loading /usr/lib/xorg/modules/extensions/libglx.so
[    39.627] (II) Module glx: vendor="X.Org Foundation"
[    39.627] 	compiled for 1.20.8, module version = 1.0.0
[    39.627] 	ABI class: X.Org Server Extension, version 10.0
[    39.627] (==) Matched vmware as autoconfigured driver 0
[    39.627] (==) Matched modesetting as autoconfigured driver 1
[    39.627] (==) Matched fbdev as autoconfigured driver 2
[    39.627] (==) Matched vesa as autoconfigured driver 3
[    39.627] (==) Assigned the driver to the xf86ConfigLayout
[    39.627] (II) LoadModule: "vmware"
[    39.627] (II) Loading /usr/lib/xorg/modules/drivers/vmware_drv.so
[    39.668] (II) Module vmware: vendor="X.Org Foundation"
[    39.668] 	compiled for 1.20.1, module version = 13.3.0
[    39.668] 	Module class: X.Org Video Driver
[    39.668] 	ABI class: X.Org Video Driver, version 24.0
[    39.668] (II) LoadModule: "modesetting"
[    39.668] (II) Loading /usr/lib/xorg/modules/drivers/modesetting_drv.so
[    39.668] (II) Module modesetting: vendor="X.Org Foundation"
[    39.668] 	compiled for 1.20.8, module version = 1.20.8
[    39.668] 	Module class: X.Org Video Driver
[    39.668] 	ABI class: X.Org Video Driver, version 24.1
[    39.668] (II) LoadModule: "fbdev"
[    39.668] (II) Loading /usr/lib/xorg/modules/drivers/fbdev_drv.so
[    39.668] (II) Module fbdev: vendor="X.Org Foundation"
[    39.668] 	compiled for 1.20.1, module version = 0.5.0
[    39.668] 	Module class: X.Org Video Driver
[    39.668] 	ABI class: X.Org Video Driver, version 24.0
[    39.668] (II) LoadModule: "vesa"
[    39.668] (II) Loading /usr/lib/xorg/modules/drivers/vesa_drv.so
[    39.668] (II) Module vesa: vendor="X.Org Foundation"
[    39.668] 	compiled for 1.20.1, module version = 2.4.0
[    39.668] 	Module class: X.Org Video Driver
[    39.668] 	ABI class: X.Org Video Driver, version 24.0
[    39.668] (II) vmware: driver for VMware SVGA: vmware0405, vmware0710
[    39.668] (II) modesetting: Driver for Modesetting Kernel Drivers: kms
[    39.668] (II) FBDEV: driver for framebuffer: fbdev
[    39.668] (II) VESA: driver for VESA chipsets: vesa
[    39.668] xf86EnableIOPorts: failed to set IOPL for I/O (Operation not permitted)
[    39.668] (WW) Falling back to old probe method for modesetting
[    39.669] (WW) Falling back to old probe method for fbdev
[    39.669] (II) Loading sub module "fbdevhw"
[    39.669] (II) LoadModule: "fbdevhw"
[    39.669] (II) Loading /usr/lib/xorg/modules/libfbdevhw.so
[    39.669] (II) Module fbdevhw: vendor="X.Org Foundation"
[    39.669] 	compiled for 1.20.8, module version = 0.0.2
[    39.669] 	ABI class: X.Org Video Driver, version 24.1
[    39.669] (EE) open /dev/fb0: Permission denied
[    39.669] (WW) VGA arbiter: cannot open kernel arbiter, no multi-card support
[    39.669] (II) vmware(0): Creating default Display subsection in Screen section
	"Default Screen Section" for depth/fbbpp 24/32
[    39.669] (--) vmware(0): DRM driver version is 2.15.0
[    39.669] (==) vmware(0): Depth 24, (--) framebuffer bpp 32
[    39.669] (==) vmware(0): RGB weight 888
[    39.669] (==) vmware(0): Default visual is TrueColor
[    39.669] (--) vmware(0): Min width 1, Max Width 16384.
[    39.669] (--) vmware(0): Min height 1, Max Height 16384.
[    39.669] (II) vmware(0): Output Virtual1 has no monitor section
[    39.669] (II) vmware(0): Output Virtual2 has no monitor section
[    39.669] (II) vmware(0): Output Virtual3 has no monitor section
[    39.669] (II) vmware(0): Output Virtual4 has no monitor section
[    39.669] (II) vmware(0): Output Virtual5 has no monitor section
[    39.669] (II) vmware(0): Output Virtual6 has no monitor section
[    39.669] (II) vmware(0): Output Virtual7 has no monitor section
[    39.669] (II) vmware(0): Output Virtual8 has no monitor section
[    39.669] (II) vmware(0): Printing probed modes for output Virtual1
[    39.669] (II) vmware(0): Modeline "800x600"x60.0   42.75  800 850 900 950  600 650 700 750 -hsync +vsync (45.0 kHz eP)
[    39.669] (II) vmware(0): Modeline "2560x1600"x60.0  348.50  2560 2752 3032 3504  1600 1603 1609 1658 -hsync +vsync (99.5 kHz e)
[    39.669] (II) vmware(0): Modeline "1920x1440"x60.0  234.00  1920 2048 2256 2600  1440 1441 1444 1500 -hsync +vsync (90.0 kHz e)
[    39.669] (II) vmware(0): Modeline "1856x1392"x60.0  218.25  1856 1952 2176 2528  1392 1393 1396 1439 -hsync +vsync (86.3 kHz e)
[    39.669] (II) vmware(0): Modeline "1792x1344"x60.0  204.75  1792 1920 2120 2448  1344 1345 1348 1394 -hsync +vsync (83.6 kHz e)
[    39.669] (II) vmware(0): Modeline "1920x1200"x59.9  193.25  1920 2056 2256 2592  1200 1203 1209 1245 -hsync +vsync (74.6 kHz e)
[    39.669] (II) vmware(0): Modeline "1600x1200"x60.0  162.00  1600 1664 1856 2160  1200 1201 1204 1250 +hsync +vsync (75.0 kHz e)
[    39.669] (II) vmware(0): Modeline "1680x1050"x60.0  146.25  1680 1784 1960 2240  1050 1053 1059 1089 -hsync +vsync (65.3 kHz e)
[    39.669] (II) vmware(0): Modeline "1400x1050"x60.0  121.75  1400 1488 1632 1864  1050 1053 1057 1089 -hsync +vsync (65.3 kHz e)
[    39.669] (II) vmware(0): Modeline "1280x1024"x60.0  108.00  1280 1328 1440 1688  1024 1025 1028 1066 +hsync +vsync (64.0 kHz e)
[    39.669] (II) vmware(0): Modeline "1440x900"x59.9  106.50  1440 1520 1672 1904  900 903 909 934 -hsync +vsync (55.9 kHz e)
[    39.669] (II) vmware(0): Modeline "1280x960"x60.0  108.00  1280 1376 1488 1800  960 961 964 1000 +hsync +vsync (60.0 kHz e)
[    39.669] (II) vmware(0): Modeline "1360x768"x60.0   85.50  1360 1424 1536 1792  768 771 777 795 +hsync +vsync (47.7 kHz e)
[    39.669] (II) vmware(0): Modeline "1280x800"x59.8   83.50  1280 1352 1480 1680  800 803 809 831 +hsync -vsync (49.7 kHz e)
[    39.669] (II) vmware(0): Modeline "1152x864"x75.0  108.00  1152 1216 1344 1600  864 865 868 900 +hsync +vsync (67.5 kHz e)
[    39.669] (II) vmware(0): Modeline "1280x768"x59.9   79.50  1280 1344 1472 1664  768 771 778 798 -hsync +vsync (47.8 kHz e)
[    39.669] (II) vmware(0): Modeline "1024x768"x60.0   65.00  1024 1048 1184 1344  768 771 777 806 -hsync -vsync (48.4 kHz e)
[    39.669] (II) vmware(0): Modeline "800x600"x60.3   40.00  800 840 968 1056  600 601 605 628 +hsync +vsync (37.9 kHz e)
[    39.669] (II) vmware(0): Modeline "640x480"x59.9   25.18  640 656 752 800  480 489 492 525 -hsync -vsync (31.5 kHz e)
[    39.669] (II) vmware(0): EDID for output Virtual2
[    39.669] (II) vmware(0): EDID for output Virtual3
[    39.670] (II) vmware(0): EDID for output Virtual4
[    39.670] (II) vmware(0): EDID for output Virtual5
[    39.670] (II) vmware(0): EDID for output Virtual6
[    39.670] (II) vmware(0): EDID for output Virtual7
[    39.670] (II) vmware(0): EDID for output Virtual8
[    39.670] (II) vmware(0): Output Virtual1 connected
[    39.670] (II) vmware(0): Output Virtual2 disconnected
[    39.670] (II) vmware(0): Output Virtual3 disconnected
[    39.670] (II) vmware(0): Output Virtual4 disconnected
[    39.670] (II) vmware(0): Output Virtual5 disconnected
[    39.670] (II) vmware(0): Output Virtual6 disconnected
[    39.670] (II) vmware(0): Output Virtual7 disconnected
[    39.670] (II) vmware(0): Output Virtual8 disconnected
[    39.670] (II) vmware(0): Using exact sizes for initial modes
[    39.670] (II) vmware(0): Output Virtual1 using initial mode 800x600 +0+0
[    39.670] (==) vmware(0): DPI set to (96, 96)
[    39.670] (==) vmware(0): Using gamma correction (1.0, 1.0, 1.0)
[    39.670] (II) Loading sub module "fb"
[    39.670] (II) LoadModule: "fb"
[    39.670] (II) Loading /usr/lib/xorg/modules/libfb.so
[    39.670] (II) Module fb: vendor="X.Org Foundation"
[    39.670] 	compiled for 1.20.8, module version = 1.0.0
[    39.670] 	ABI class: X.Org ANSI C Emulation, version 0.4
[    39.670] (II) Loading sub module "dri2"
[    39.670] (II) LoadModule: "dri2"
[    39.670] (II) Module "dri2" already built-in
[    39.670] (II) Loading sub module "dri3"
[    39.670] (II) LoadModule: "dri3"
[    39.670] (II) Module "dri3" already built-in
[    39.670] (II) UnloadModule: "modesetting"
[    39.670] (II) Unloading modesetting
[    39.670] (II) UnloadModule: "fbdev"
[    39.670] (II) Unloading fbdev
[    39.670] (II) UnloadSubModule: "fbdevhw"
[    39.670] (II) Unloading fbdevhw
[    39.670] (II) UnloadModule: "vesa"
[    39.670] (II) Unloading vesa
[    39.670] (II) vmware(0): Initialized VMWARE_CTRL extension version 0.2
[    39.685] (II) vmware(0): Gallium3D XA version: 2.5.0.
[    39.685] (II) vmware(0): Path of drm device is "/dev/dri/card0".
[    39.685] (II) vmware(0): [DRI2] Setup complete
[    39.685] (II) vmware(0): [DRI2]   DRI driver: vmwgfx
[    40.441] (--) vmware(0): Render acceleration is enabled.
[    40.441] (==) vmware(0): Rendercheck mode is disabled.
[    40.441] (--) vmware(0): Direct rendering (DRI2 3D) is enabled.
[    40.441] (--) vmware(0): Direct rendering (DRI3 3D) is enabled.
[    40.441] (==) vmware(0): Direct presents are disabled.
[    40.441] (==) vmware(0): Hardware only presents are automatic per scanout.
[    40.441] (==) vmware(0): Backing store enabled
[    40.441] (==) vmware(0): Silken mouse enabled
[    40.441] (==) vmware(0): DPMS enabled
[    40.442] (II) Initializing extension Generic Event Extension
[    40.442] (II) Initializing extension SHAPE
[    40.442] (II) Initializing extension MIT-SHM
[    40.442] (II) Initializing extension XInputExtension
[    40.442] (II) Initializing extension XTEST
[    40.442] (II) Initializing extension BIG-REQUESTS
[    40.442] (II) Initializing extension SYNC
[    40.442] (II) Initializing extension XKEYBOARD
[    40.442] (II) Initializing extension XC-MISC
[    40.442] (II) Initializing extension SECURITY
[    40.442] (II) Initializing extension XFIXES
[    40.443] (II) Initializing extension RENDER
[    40.443] (II) Initializing extension RANDR
[    40.443] (II) Initializing extension COMPOSITE
[    40.443] (II) Initializing extension DAMAGE
[    40.443] (II) Initializing extension MIT-SCREEN-SAVER
[    40.443] (II) Initializing extension DOUBLE-BUFFER
[    40.443] (II) Initializing extension RECORD
[    40.443] (II) Initializing extension DPMS
[    40.443] (II) Initializing extension Present
[    40.443] (II) Initializing extension DRI3
[    40.443] (II) Initializing extension X-Resource
[    40.443] (II) Initializing extension XVideo
[    40.443] (II) Initializing extension XVideo-MotionCompensation
[    40.443] (II) Initializing extension SELinux
[    40.443] (II) SELinux: Disabled on system
[    40.443] (II) Initializing extension GLX
[    40.457] (II) AIGLX: Loaded and initialized vmwgfx
[    40.457] (II) GLX: Initialized DRI2 GL provider for screen 0
[    40.457] (II) Initializing extension XFree86-VidModeExtension
[    40.457] (II) Initializing extension XFree86-DGA
[    40.457] (II) Initializing extension XFree86-DRI
[    40.457] (II) Initializing extension DRI2
[    40.466] (II) vmware(0): Setting screen physical size to 211 x 158
[    40.516] (II) config/udev: Adding input device Power Button (/dev/input/event0)
[    40.516] (**) Power Button: Applying InputClass "libinput keyboard catchall"
[    40.516] (II) LoadModule: "libinput"
[    40.516] (II) Loading /usr/lib/xorg/modules/input/libinput_drv.so
[    40.518] (II) Module libinput: vendor="X.Org Foundation"
[    40.518] 	compiled for 1.20.1, module version = 0.28.1
[    40.518] 	Module class: X.Org XInput Driver
[    40.518] 	ABI class: X.Org XInput driver, version 24.1
[    40.518] (II) Using input driver 'libinput' for 'Power Button'
[    40.518] (II) systemd-logind: got fd for /dev/input/event0 13:64 fd 25 paused 0
[    40.519] (**) Power Button: always reports core events
[    40.519] (**) Option "Device" "/dev/input/event0"
[    40.519] (**) Option "_source" "server/udev"
[    40.520] (II) event0  - Power Button: is tagged by udev as: Keyboard
[    40.520] (II) event0  - Power Button: device is a keyboard
[    40.520] (II) event0  - Power Button: device removed
[    40.520] (**) Option "config_info" "udev:/sys/devices/LNXSYSTM:00/LNXPWRBN:00/input/input0/event0"
[    40.521] (II) XINPUT: Adding extended input device "Power Button" (type: KEYBOARD, id 6)
[    40.521] (**) Option "xkb_model" "pc105"
[    40.521] (**) Option "xkb_layout" "us"
[    40.521] (II) event0  - Power Button: is tagged by udev as: Keyboard
[    40.521] (II) event0  - Power Button: device is a keyboard
[    40.522] (II) config/udev: Adding input device AT Translated Set 2 keyboard (/dev/input/event1)
[    40.522] (**) AT Translated Set 2 keyboard: Applying InputClass "libinput keyboard catchall"
[    40.522] (II) Using input driver 'libinput' for 'AT Translated Set 2 keyboard'
[    40.523] (II) systemd-logind: got fd for /dev/input/event1 13:65 fd 28 paused 0
[    40.523] (**) AT Translated Set 2 keyboard: always reports core events
[    40.523] (**) Option "Device" "/dev/input/event1"
[    40.524] (**) Option "_source" "server/udev"
[    40.524] (II) event1  - AT Translated Set 2 keyboard: is tagged by udev as: Keyboard
[    40.524] (II) event1  - AT Translated Set 2 keyboard: device is a keyboard
[    40.524] (II) event1  - AT Translated Set 2 keyboard: device removed
[    40.524] (**) Option "config_info" "udev:/sys/devices/platform/i8042/serio0/input/input1/event1"
[    40.525] (II) XINPUT: Adding extended input device "AT Translated Set 2 keyboard" (type: KEYBOARD, id 7)
[    40.525] (**) Option "xkb_model" "pc105"
[    40.525] (**) Option "xkb_layout" "us"
[    40.525] (II) event1  - AT Translated Set 2 keyboard: is tagged by udev as: Keyboard
[    40.525] (II) event1  - AT Translated Set 2 keyboard: device is a keyboard
[    40.526] (II) config/udev: Adding input device VirtualPS/2 VMware VMMouse (/dev/input/event3)
[    40.526] (**) VirtualPS/2 VMware VMMouse: Applying InputClass "libinput pointer catchall"
[    40.526] (II) Using input driver 'libinput' for 'VirtualPS/2 VMware VMMouse'
[    40.527] (II) systemd-logind: got fd for /dev/input/event3 13:67 fd 29 paused 0
[    40.527] (**) VirtualPS/2 VMware VMMouse: always reports core events
[    40.527] (**) Option "Device" "/dev/input/event3"
[    40.527] (**) Option "_source" "server/udev"
[    40.528] (II) event3  - VirtualPS/2 VMware VMMouse: is tagged by udev as: Mouse
[    40.528] (II) event3  - VirtualPS/2 VMware VMMouse: device is a pointer
[    40.528] (II) event3  - VirtualPS/2 VMware VMMouse: device removed
[    40.528] (**) Option "config_info" "udev:/sys/devices/platform/i8042/serio1/input/input3/event3"
[    40.528] (II) XINPUT: Adding extended input device "VirtualPS/2 VMware VMMouse" (type: MOUSE, id 8)
[    40.528] (**) Option "AccelerationScheme" "none"
[    40.528] (**) VirtualPS/2 VMware VMMouse: (accel) selected scheme none/0
[    40.528] (**) VirtualPS/2 VMware VMMouse: (accel) acceleration factor: 2.000
[    40.528] (**) VirtualPS/2 VMware VMMouse: (accel) acceleration threshold: 4
[    40.529] (II) event3  - VirtualPS/2 VMware VMMouse: is tagged by udev as: Mouse
[    40.529] (II) event3  - VirtualPS/2 VMware VMMouse: device is a pointer
[    40.529] (II) config/udev: Adding input device VirtualPS/2 VMware VMMouse (/dev/input/mouse1)
[    40.529] (II) No input driver specified, ignoring this device.
[    40.529] (II) This device may have been added with another device file.
[    40.529] (II) config/udev: Adding input device VirtualPS/2 VMware VMMouse (/dev/input/event2)
[    40.529] (**) VirtualPS/2 VMware VMMouse: Applying InputClass "libinput pointer catchall"
[    40.530] (II) Using input driver 'libinput' for 'VirtualPS/2 VMware VMMouse'
[    40.531] (II) systemd-logind: got fd for /dev/input/event2 13:66 fd 30 paused 0
[    40.531] (**) VirtualPS/2 VMware VMMouse: always reports core events
[    40.531] (**) Option "Device" "/dev/input/event2"
[    40.531] (**) Option "_source" "server/udev"
[    40.532] (II) event2  - VirtualPS/2 VMware VMMouse: is tagged by udev as: Mouse
[    40.532] (II) event2  - VirtualPS/2 VMware VMMouse: device is a pointer
[    40.532] (II) event2  - VirtualPS/2 VMware VMMouse: device removed
[    40.532] (**) Option "config_info" "udev:/sys/devices/platform/i8042/serio1/input/input4/event2"
[    40.532] (II) XINPUT: Adding extended input device "VirtualPS/2 VMware VMMouse" (type: MOUSE, id 9)
[    40.532] (**) Option "AccelerationScheme" "none"
[    40.532] (**) VirtualPS/2 VMware VMMouse: (accel) selected scheme none/0
[    40.532] (**) VirtualPS/2 VMware VMMouse: (accel) acceleration factor: 2.000
[    40.532] (**) VirtualPS/2 VMware VMMouse: (accel) acceleration threshold: 4
[    40.532] (II) event2  - VirtualPS/2 VMware VMMouse: is tagged by udev as: Mouse
[    40.532] (II) event2  - VirtualPS/2 VMware VMMouse: device is a pointer
[    40.533] (II) config/udev: Adding input device VirtualPS/2 VMware VMMouse (/dev/input/mouse0)
[    40.533] (II) No input driver specified, ignoring this device.
[    40.533] (II) This device may have been added with another device file.
