[2021-07-20 12:28:11.811] [sharedprocess] [warning] Resolved variables received without matching request 2
[2021-07-20 12:28:11.815] [sharedprocess] [warning] Resolved variables received without matching request 3
[2021-07-20 12:28:11.818] [sharedprocess] [warning] Resolved variables received without matching request 4
[2021-07-20 12:28:12.730] [sharedprocess] [warning] Resolved variables received without matching request 5
[2021-07-20 12:28:12.734] [sharedprocess] [warning] Resolved variables received without matching request 6
[2021-07-20 12:28:13.799] [sharedprocess] [warning] Resolved variables received without matching request 7
[2021-07-20 12:28:14.062] [sharedprocess] [warning] Resolved variables received without matching request 8
[2021-07-20 12:28:14.108] [sharedprocess] [warning] Resolved variables received without matching request 9
[2021-07-20 12:28:14.125] [sharedprocess] [warning] Resolved variables received without matching request 10
[2021-07-20 12:28:14.138] [sharedprocess] [warning] Resolved variables received without matching request 11
[2021-07-20 12:28:14.139] [sharedprocess] [warning] Resolved variables received without matching request 12
[2021-07-20 12:28:14.154] [sharedprocess] [warning] Resolved variables received without matching request 13
[2021-07-20 12:28:14.168] [sharedprocess] [warning] Resolved variables received without matching request 14
[2021-07-20 12:28:14.184] [sharedprocess] [warning] Resolved variables received without matching request 15
[2021-07-20 12:28:14.246] [sharedprocess] [warning] Resolved variables received without matching request 16
[2021-07-20 12:28:14.292] [sharedprocess] [warning] Resolved variables received without matching request 17
[2021-07-20 12:28:14.660] [sharedprocess] [warning] Resolved variables received without matching request 18
[2021-07-20 12:28:14.670] [sharedprocess] [warning] Resolved variables received without matching request 19
[2021-07-20 12:28:14.820] [sharedprocess] [warning] Resolved variables received without matching request 20
[2021-07-20 12:28:15.622] [sharedprocess] [warning] Resolved variables received without matching request 21
[2021-07-20 12:28:15.683] [sharedprocess] [warning] Resolved variables received without matching request 22
[2021-07-20 12:28:15.684] [sharedprocess] [warning] Resolved variables received without matching request 23
[2021-07-20 12:28:15.684] [sharedprocess] [warning] Resolved variables received without matching request 24
[2021-07-20 12:28:15.684] [sharedprocess] [warning] Resolved variables received without matching request 25
[2021-07-20 12:28:15.797] [sharedprocess] [warning] Resolved variables received without matching request 26
[2021-07-20 12:28:15.806] [sharedprocess] [warning] Resolved variables received without matching request 27
[2021-07-20 12:28:15.853] [sharedprocess] [warning] Resolved variables received without matching request 28
[2021-07-20 12:28:15.913] [sharedprocess] [warning] Resolved variables received without matching request 29
[2021-07-20 12:28:15.914] [sharedprocess] [warning] Resolved variables received without matching request 30
[2021-07-20 12:28:16.892] [sharedprocess] [info] [logs cleanup]: Starting to clean up old logs.
[2021-07-20 12:28:36.894] [sharedprocess] [info] [code cache cleanup]: Starting to clean up old code cache folders.
[2021-07-20 12:28:36.894] [sharedprocess] [info] [storage cleanup]: Starting to clean up storage folders.
[2021-07-20 12:28:36.896] [sharedprocess] [info] [storage cleanup]: Deleting storage folder 1626750267343.
[2021-07-20 12:28:46.893] [sharedprocess] [info] [language pack cache cleanup]: Starting to clean up unused language packs.
