[2021-07-20 17:41:19.284] [sharedprocess] [info] [logs cleanup]: Starting to clean up old logs.
[2021-07-20 17:41:39.285] [sharedprocess] [info] [code cache cleanup]: Starting to clean up old code cache folders.
[2021-07-20 17:41:39.286] [sharedprocess] [info] [storage cleanup]: Starting to clean up storage folders.
[2021-07-20 17:41:49.284] [sharedprocess] [info] [language pack cache cleanup]: Starting to clean up unused language packs.
[2021-07-20 18:02:10.832] [sharedprocess] [warning] Resolved variables received without matching request 16
[2021-07-20 18:02:10.836] [sharedprocess] [warning] Resolved variables received without matching request 17
[2021-07-20 18:02:10.836] [sharedprocess] [warning] Resolved variables received without matching request 18
[2021-07-20 18:02:10.849] [sharedprocess] [warning] Resolved variables received without matching request 19
[2021-07-20 18:02:10.850] [sharedprocess] [warning] Resolved variables received without matching request 20
[2021-07-20 18:02:12.531] [sharedprocess] [warning] Resolved variables received without matching request 21
[2021-07-20 18:02:12.548] [sharedprocess] [warning] Resolved variables received without matching request 22
[2021-07-20 18:02:12.557] [sharedprocess] [warning] Resolved variables received without matching request 23
[2021-07-20 18:02:12.557] [sharedprocess] [warning] Resolved variables received without matching request 24
[2021-07-20 18:02:12.596] [sharedprocess] [warning] Resolved variables received without matching request 25
[2021-07-20 18:02:18.094] [sharedprocess] [warning] Resolved variables received without matching request 26
[2021-07-20 18:02:18.427] [sharedprocess] [warning] Resolved variables received without matching request 27
[2021-07-20 18:02:19.092] [sharedprocess] [warning] Resolved variables received without matching request 28
[2021-07-20 18:02:19.260] [sharedprocess] [warning] Resolved variables received without matching request 29
[2021-07-20 18:02:19.264] [sharedprocess] [warning] Resolved variables received without matching request 30
[2021-07-20 18:02:19.871] [sharedprocess] [warning] Resolved variables received without matching request 31
[2021-07-20 18:02:19.901] [sharedprocess] [warning] Resolved variables received without matching request 32
[2021-07-20 18:02:19.910] [sharedprocess] [warning] Resolved variables received without matching request 33
[2021-07-20 18:02:19.912] [sharedprocess] [warning] Resolved variables received without matching request 34
[2021-07-20 18:02:19.916] [sharedprocess] [warning] Resolved variables received without matching request 35
