[2021-07-20 12:04:08.389] [sharedprocess] [warning] No ptyHost heartbeat after 6 seconds
[2021-07-20 12:04:12.436] [sharedprocess] [info] [logs cleanup]: Starting to clean up old logs.
[2021-07-20 12:04:31.461] [sharedprocess] [warning] Resolved variables received without matching request 31
[2021-07-20 12:04:31.462] [sharedprocess] [warning] Resolved variables received without matching request 32
[2021-07-20 12:04:31.463] [sharedprocess] [warning] Resolved variables received without matching request 33
[2021-07-20 12:04:31.463] [sharedprocess] [warning] Resolved variables received without matching request 34
[2021-07-20 12:04:31.506] [sharedprocess] [warning] Resolved variables received without matching request 35
[2021-07-20 12:04:32.434] [sharedprocess] [info] [code cache cleanup]: Starting to clean up old code cache folders.
[2021-07-20 12:04:32.435] [sharedprocess] [info] [storage cleanup]: Starting to clean up storage folders.
[2021-07-20 12:04:33.419] [sharedprocess] [warning] Resolved variables received without matching request 36
[2021-07-20 12:04:33.434] [sharedprocess] [warning] Resolved variables received without matching request 37
[2021-07-20 12:04:33.446] [sharedprocess] [warning] Resolved variables received without matching request 38
[2021-07-20 12:04:33.466] [sharedprocess] [warning] Resolved variables received without matching request 39
[2021-07-20 12:04:33.480] [sharedprocess] [warning] Resolved variables received without matching request 40
[2021-07-20 12:04:38.757] [sharedprocess] [warning] Resolved variables received without matching request 41
[2021-07-20 12:04:38.776] [sharedprocess] [warning] Resolved variables received without matching request 42
[2021-07-20 12:04:38.855] [sharedprocess] [warning] Resolved variables received without matching request 43
[2021-07-20 12:04:39.423] [sharedprocess] [warning] Resolved variables received without matching request 44
[2021-07-20 12:04:39.680] [sharedprocess] [warning] Resolved variables received without matching request 45
[2021-07-20 12:04:40.375] [sharedprocess] [warning] Resolved variables received without matching request 46
[2021-07-20 12:04:40.389] [sharedprocess] [warning] Resolved variables received without matching request 47
[2021-07-20 12:04:40.396] [sharedprocess] [warning] Resolved variables received without matching request 48
[2021-07-20 12:04:40.398] [sharedprocess] [warning] Resolved variables received without matching request 49
[2021-07-20 12:04:40.399] [sharedprocess] [warning] Resolved variables received without matching request 50
[2021-07-20 12:04:42.434] [sharedprocess] [info] [language pack cache cleanup]: Starting to clean up unused language packs.
