[2021-07-20 23:06:17.563] [sharedprocess] [warning] Resolved variables received without matching request 2
[2021-07-20 23:06:19.291] [sharedprocess] [warning] No ptyHost heartbeat after 6 seconds
[2021-07-20 23:06:19.445] [sharedprocess] [warning] Resolved variables received without matching request 3
[2021-07-20 23:06:19.446] [sharedprocess] [warning] Resolved variables received without matching request 4
[2021-07-20 23:06:20.193] [sharedprocess] [warning] Resolved variables received without matching request 5
[2021-07-20 23:06:20.299] [sharedprocess] [warning] Resolved variables received without matching request 6
[2021-07-20 23:06:20.795] [sharedprocess] [warning] Resolved variables received without matching request 7
[2021-07-20 23:06:21.073] [sharedprocess] [warning] Resolved variables received without matching request 8
[2021-07-20 23:06:21.075] [sharedprocess] [warning] Resolved variables received without matching request 9
[2021-07-20 23:06:21.444] [sharedprocess] [warning] Resolved variables received without matching request 10
[2021-07-20 23:06:21.655] [sharedprocess] [warning] Resolved variables received without matching request 11
[2021-07-20 23:06:22.088] [sharedprocess] [warning] Resolved variables received without matching request 12
[2021-07-20 23:06:22.117] [sharedprocess] [warning] Resolved variables received without matching request 13
[2021-07-20 23:06:22.131] [sharedprocess] [warning] Resolved variables received without matching request 14
[2021-07-20 23:06:22.132] [sharedprocess] [warning] Resolved variables received without matching request 15
[2021-07-20 23:06:22.132] [sharedprocess] [warning] Resolved variables received without matching request 16
[2021-07-20 23:06:22.155] [sharedprocess] [warning] Resolved variables received without matching request 17
[2021-07-20 23:06:22.162] [sharedprocess] [warning] Resolved variables received without matching request 18
[2021-07-20 23:06:22.172] [sharedprocess] [warning] Resolved variables received without matching request 19
[2021-07-20 23:06:22.181] [sharedprocess] [warning] Resolved variables received without matching request 20
[2021-07-20 23:06:22.210] [sharedprocess] [warning] Resolved variables received without matching request 21
[2021-07-20 23:06:22.322] [sharedprocess] [warning] Resolved variables received without matching request 22
[2021-07-20 23:06:22.343] [sharedprocess] [warning] Resolved variables received without matching request 23
[2021-07-20 23:06:23.190] [sharedprocess] [info] [logs cleanup]: Starting to clean up old logs.
[2021-07-20 23:06:23.262] [sharedprocess] [warning] Resolved variables received without matching request 24
[2021-07-20 23:06:23.262] [sharedprocess] [warning] Resolved variables received without matching request 25
[2021-07-20 23:06:23.263] [sharedprocess] [warning] Resolved variables received without matching request 26
[2021-07-20 23:06:23.263] [sharedprocess] [warning] Resolved variables received without matching request 27
[2021-07-20 23:06:23.314] [sharedprocess] [warning] Resolved variables received without matching request 28
[2021-07-20 23:06:23.315] [sharedprocess] [warning] Resolved variables received without matching request 29
[2021-07-20 23:06:23.317] [sharedprocess] [warning] Resolved variables received without matching request 30
[2021-07-20 23:06:23.872] [sharedprocess] [warning] Resolved variables received without matching request 31
[2021-07-20 23:06:23.878] [sharedprocess] [warning] Resolved variables received without matching request 32
[2021-07-20 23:06:23.900] [sharedprocess] [warning] Resolved variables received without matching request 33
[2021-07-20 23:06:23.913] [sharedprocess] [warning] Resolved variables received without matching request 34
[2021-07-20 23:06:23.939] [sharedprocess] [warning] Resolved variables received without matching request 35
[2021-07-20 23:06:24.133] [sharedprocess] [warning] Resolved variables received without matching request 36
[2021-07-20 23:06:24.145] [sharedprocess] [warning] Resolved variables received without matching request 37
[2021-07-20 23:06:24.158] [sharedprocess] [warning] Resolved variables received without matching request 38
[2021-07-20 23:06:24.177] [sharedprocess] [warning] Resolved variables received without matching request 39
[2021-07-20 23:06:24.190] [sharedprocess] [warning] Resolved variables received without matching request 40
[2021-07-20 23:06:43.191] [sharedprocess] [info] [code cache cleanup]: Starting to clean up old code cache folders.
[2021-07-20 23:06:43.191] [sharedprocess] [info] [storage cleanup]: Starting to clean up storage folders.
[2021-07-20 23:06:53.191] [sharedprocess] [info] [language pack cache cleanup]: Starting to clean up unused language packs.
