[2021-07-19 20:59:23.575] [sharedprocess] [info] [logs cleanup]: Starting to clean up old logs.
[2021-07-19 20:59:43.573] [sharedprocess] [info] [code cache cleanup]: Starting to clean up old code cache folders.
[2021-07-19 20:59:43.574] [sharedprocess] [info] [storage cleanup]: Starting to clean up storage folders.
[2021-07-19 20:59:53.573] [sharedprocess] [info] [language pack cache cleanup]: Starting to clean up unused language packs.
[2021-07-19 21:16:12.745] [sharedprocess] [warning] Resolved variables received without matching request 31
[2021-07-19 21:16:12.746] [sharedprocess] [warning] Resolved variables received without matching request 32
[2021-07-19 21:16:12.769] [sharedprocess] [warning] Resolved variables received without matching request 33
[2021-07-19 21:16:12.771] [sharedprocess] [warning] Resolved variables received without matching request 34
[2021-07-19 21:16:12.773] [sharedprocess] [warning] Resolved variables received without matching request 35
[2021-07-19 21:16:14.677] [sharedprocess] [warning] Resolved variables received without matching request 36
[2021-07-19 21:16:14.687] [sharedprocess] [warning] Resolved variables received without matching request 37
[2021-07-19 21:16:14.690] [sharedprocess] [warning] Resolved variables received without matching request 38
[2021-07-19 21:16:14.696] [sharedprocess] [warning] Resolved variables received without matching request 39
[2021-07-19 21:16:14.702] [sharedprocess] [warning] Resolved variables received without matching request 40
[2021-07-19 21:16:20.143] [sharedprocess] [warning] Resolved variables received without matching request 41
[2021-07-19 21:16:20.144] [sharedprocess] [warning] Resolved variables received without matching request 42
[2021-07-19 21:16:20.147] [sharedprocess] [warning] Resolved variables received without matching request 43
[2021-07-19 21:16:20.179] [sharedprocess] [warning] Resolved variables received without matching request 44
[2021-07-19 21:16:20.180] [sharedprocess] [warning] Resolved variables received without matching request 45
[2021-07-19 21:16:22.119] [sharedprocess] [warning] Resolved variables received without matching request 46
[2021-07-19 21:16:22.131] [sharedprocess] [warning] Resolved variables received without matching request 47
[2021-07-19 21:16:22.137] [sharedprocess] [warning] Resolved variables received without matching request 48
[2021-07-19 21:16:22.141] [sharedprocess] [warning] Resolved variables received without matching request 49
[2021-07-19 21:16:22.147] [sharedprocess] [warning] Resolved variables received without matching request 50
